[Reconstruction Engine] [2018-09-04 12:30:22] [LOG] Set DataSource:0
[Reconstruction Engine] [2018-09-04 12:30:22] [LOG] Set not to use sensor device
[Reconstruction Engine] [2018-09-04 12:32:32] [LOG] ViveStaticReconstruction Destruction

[Reconstruction Engine] [2018-09-04 12:33:40] [LOG] Set DataSource:0
[Reconstruction Engine] [2018-09-04 12:33:40] [LOG] Set not to use sensor device
[Reconstruction Engine] [2018-09-04 12:33:48] [LOG] ViveStaticReconstruction Destruction

[Reconstruction Engine] [2018-09-04 13:32:27] [LOG] Set DataSource:0
[Reconstruction Engine] [2018-09-04 13:32:27] [LOG] Set not to use sensor device
[Reconstruction Engine] [2018-09-04 13:32:42] [LOG] ViveStaticReconstruction Destruction

[Reconstruction Engine] [2018-09-04 13:33:54] [LOG] Set DataSource:0
[Reconstruction Engine] [2018-09-04 13:33:54] [LOG] Set not to use sensor device
[Reconstruction Engine] [2018-09-04 13:34:07] [LOG] ViveStaticReconstruction Destruction

[Reconstruction Engine] [2018-09-04 13:34:22] [LOG] Set DataSource:0
[Reconstruction Engine] [2018-09-04 13:34:22] [LOG] Set not to use sensor device
[Reconstruction Engine] [2018-09-04 13:34:38] [LOG] ViveStaticReconstruction Destruction

[Reconstruction Engine] [2018-09-04 13:34:48] [LOG] Set DataSource:0
[Reconstruction Engine] [2018-09-04 13:34:48] [LOG] Set not to use sensor device
[Reconstruction Engine] [2018-09-04 13:34:55] [LOG] ViveStaticReconstruction Destruction

[Reconstruction Engine] [2018-09-04 13:36:26] [LOG] Set DataSource:0
[Reconstruction Engine] [2018-09-04 13:36:26] [LOG] Set not to use sensor device
[Reconstruction Engine] [2018-09-04 13:36:26] [LOG] ViveStaticReconstruction Destruction

[Reconstruction Engine] [2018-09-04 13:36:56] [LOG] Set DataSource:0
[Reconstruction Engine] [2018-09-04 13:36:56] [LOG] Set not to use sensor device
[Reconstruction Engine] [2018-09-04 13:36:56] [LOG] ViveStaticReconstruction Destruction

[Reconstruction Engine] [2018-09-04 13:37:03] [LOG] Set DataSource:0
[Reconstruction Engine] [2018-09-04 13:37:03] [LOG] Set not to use sensor device
[Reconstruction Engine] [2018-09-04 13:37:12] [LOG] ViveStaticReconstruction Destruction

[Reconstruction Engine] [2018-09-04 13:37:27] [LOG] Set DataSource:0
[Reconstruction Engine] [2018-09-04 13:37:27] [LOG] Set not to use sensor device
[Reconstruction Engine] [2018-09-04 13:38:07] [LOG] ViveStaticReconstruction Destruction

[Reconstruction Engine] [2018-09-04 13:38:50] [LOG] Set DataSource:0
[Reconstruction Engine] [2018-09-04 13:38:50] [LOG] Set not to use sensor device
[Reconstruction Engine] [2018-09-04 13:38:56] [LOG] ViveStaticReconstruction Destruction

[Reconstruction Engine] [2018-09-04 13:39:51] [LOG] Set DataSource:0
[Reconstruction Engine] [2018-09-04 13:39:51] [LOG] Set not to use sensor device
[Reconstruction Engine] [2018-09-04 13:39:58] [LOG] ViveStaticReconstruction Destruction

[Reconstruction Engine] [2018-09-04 13:40:07] [LOG] Set DataSource:0
[Reconstruction Engine] [2018-09-04 13:40:07] [LOG] Set not to use sensor device
[Reconstruction Engine] [2018-09-04 13:40:21] [LOG] ViveStaticReconstruction Destruction

[Reconstruction Engine] [2018-09-04 13:43:30] [LOG] Set DataSource:0
[Reconstruction Engine] [2018-09-04 13:43:30] [LOG] Set not to use sensor device
[Reconstruction Engine] [2018-09-04 13:43:49] [LOG] ViveStaticReconstruction Destruction

[Reconstruction Engine] [2018-09-04 13:44:23] [LOG] Set DataSource:0
[Reconstruction Engine] [2018-09-04 13:44:23] [LOG] Set not to use sensor device
[Reconstruction Engine] [2018-09-04 13:44:36] [LOG] ViveStaticReconstruction Destruction

[Reconstruction Engine] [2018-09-04 13:44:56] [LOG] Set DataSource:0
[Reconstruction Engine] [2018-09-04 13:44:56] [LOG] Set not to use sensor device
[Reconstruction Engine] [2018-09-04 13:44:59] [LOG] ViveStaticReconstruction Destruction

[Reconstruction Engine] [2018-09-04 13:45:11] [LOG] Set DataSource:0
[Reconstruction Engine] [2018-09-04 13:45:11] [LOG] Set not to use sensor device
[Reconstruction Engine] [2018-09-04 13:45:16] [LOG] ViveStaticReconstruction Destruction

[Reconstruction Engine] [2018-09-04 13:49:06] [LOG] Set DataSource:0
[Reconstruction Engine] [2018-09-04 13:49:06] [LOG] Set not to use sensor device
[Reconstruction Engine] [2018-09-04 13:49:18] [LOG] ViveStaticReconstruction Destruction

[Reconstruction Engine] [2018-09-04 13:49:26] [LOG] Set DataSource:0
[Reconstruction Engine] [2018-09-04 13:49:26] [LOG] Set not to use sensor device
[Reconstruction Engine] [2018-09-04 13:49:42] [LOG] ViveStaticReconstruction Destruction

[Reconstruction Engine] [2018-09-04 13:49:53] [LOG] Set DataSource:0
[Reconstruction Engine] [2018-09-04 13:49:53] [LOG] Set not to use sensor device
[Reconstruction Engine] [2018-09-04 13:49:57] [LOG] ViveStaticReconstruction Destruction

[Reconstruction Engine] [2018-09-04 13:50:08] [LOG] Set DataSource:0
[Reconstruction Engine] [2018-09-04 13:50:08] [LOG] Set not to use sensor device
[Reconstruction Engine] [2018-09-04 13:50:45] [LOG] ViveStaticReconstruction Destruction

[Reconstruction Engine] [2018-09-10 14:21:39] [LOG] Set DataSource:0
[Reconstruction Engine] [2018-09-10 14:21:39] [LOG] Set not to use sensor device
[Reconstruction Engine] [2018-09-10 14:21:47] [LOG] ViveStaticReconstruction Destruction

[Reconstruction Engine] [2018-09-10 14:22:05] [LOG] Set DataSource:0
[Reconstruction Engine] [2018-09-10 14:22:05] [LOG] Set not to use sensor device
[Reconstruction Engine] [2018-09-10 14:22:26] [LOG] ViveStaticReconstruction Destruction

[Reconstruction Engine] [2018-09-10 14:22:54] [LOG] Set DataSource:0
[Reconstruction Engine] [2018-09-10 14:22:54] [LOG] Set not to use sensor device
[Reconstruction Engine] [2018-09-10 14:23:12] [LOG] ViveStaticReconstruction Destruction

[Reconstruction Engine] [2018-09-10 14:23:28] [LOG] Set DataSource:0
[Reconstruction Engine] [2018-09-10 14:23:28] [LOG] Set not to use sensor device
[Reconstruction Engine] [2018-09-10 14:24:19] [LOG] ViveStaticReconstruction Destruction

[Reconstruction Engine] [2018-09-10 14:25:14] [LOG] Set DataSource:0
[Reconstruction Engine] [2018-09-10 14:25:14] [LOG] Set not to use sensor device
[Reconstruction Engine] [2018-09-10 14:25:20] [LOG] ViveStaticReconstruction Destruction

[Reconstruction Engine] [2018-09-10 14:28:56] [LOG] Set DataSource:0
[Reconstruction Engine] [2018-09-10 14:28:56] [LOG] Set not to use sensor device
[Reconstruction Engine] [2018-09-10 14:34:42] [LOG] Set DataSource:0
[Reconstruction Engine] [2018-09-10 14:34:42] [LOG] Set not to use sensor device
[Reconstruction Engine] [2018-09-10 14:34:55] [LOG] ViveStaticReconstruction Destruction

[Reconstruction Engine] [2018-09-10 14:35:04] [LOG] Set DataSource:0
[Reconstruction Engine] [2018-09-10 14:35:04] [LOG] Set not to use sensor device
[Reconstruction Engine] [2018-09-10 14:35:09] [LOG] ViveStaticReconstruction Destruction

[Reconstruction Engine] [2018-09-10 14:35:16] [LOG] Set DataSource:0
[Reconstruction Engine] [2018-09-10 14:35:16] [LOG] Set not to use sensor device
[Reconstruction Engine] [2018-09-10 14:35:17] [LOG] ViveStaticReconstruction Destruction

[Reconstruction Engine] [2018-09-10 14:35:26] [LOG] Set DataSource:0
[Reconstruction Engine] [2018-09-10 14:35:26] [LOG] Set not to use sensor device
[Reconstruction Engine] [2018-09-10 14:35:52] [LOG] ViveStaticReconstruction Destruction

[Reconstruction Engine] [2018-09-10 14:36:31] [LOG] Set DataSource:0
[Reconstruction Engine] [2018-09-10 14:36:31] [LOG] Set not to use sensor device
[Reconstruction Engine] [2018-09-10 14:36:43] [LOG] ViveStaticReconstruction Destruction

[Reconstruction Engine] [2018-09-10 14:37:08] [LOG] Set DataSource:0
[Reconstruction Engine] [2018-09-10 14:37:08] [LOG] Set not to use sensor device
[Reconstruction Engine] [2018-09-10 14:37:18] [LOG] ViveStaticReconstruction Destruction

[Reconstruction Engine] [2018-09-10 14:37:39] [LOG] Set DataSource:0
[Reconstruction Engine] [2018-09-10 14:37:39] [LOG] Set not to use sensor device
[Reconstruction Engine] [2018-09-10 14:38:06] [LOG] ViveStaticReconstruction Destruction

[Reconstruction Engine] [2018-09-10 14:38:17] [LOG] Set DataSource:0
[Reconstruction Engine] [2018-09-10 14:38:17] [LOG] Set not to use sensor device
[Reconstruction Engine] [2018-09-10 14:38:41] [LOG] ViveStaticReconstruction Destruction

[Reconstruction Engine] [2018-09-10 14:39:38] [LOG] Set DataSource:0
[Reconstruction Engine] [2018-09-10 14:39:38] [LOG] Set not to use sensor device
[Reconstruction Engine] [2018-09-10 14:42:10] [LOG] ViveStaticReconstruction Destruction

[Reconstruction Engine] [2018-09-10 14:42:26] [LOG] Set DataSource:0
[Reconstruction Engine] [2018-09-10 14:42:26] [LOG] Set not to use sensor device
[Reconstruction Engine] [2018-09-10 14:42:40] [LOG] ViveStaticReconstruction Destruction

[Reconstruction Engine] [2018-09-10 14:42:49] [LOG] Set DataSource:0
[Reconstruction Engine] [2018-09-10 14:42:49] [LOG] Set not to use sensor device
[Reconstruction Engine] [2018-09-10 14:42:57] [LOG] ViveStaticReconstruction Destruction

[Reconstruction Engine] [2018-09-10 14:43:07] [LOG] Set DataSource:0
[Reconstruction Engine] [2018-09-10 14:43:07] [LOG] Set not to use sensor device
[Reconstruction Engine] [2018-09-10 14:44:20] [LOG] ViveStaticReconstruction Destruction

[Reconstruction Engine] [2018-09-10 14:44:29] [LOG] Set DataSource:0
[Reconstruction Engine] [2018-09-10 14:44:29] [LOG] Set not to use sensor device
[Reconstruction Engine] [2018-09-10 14:44:51] [LOG] ViveStaticReconstruction Destruction

[Reconstruction Engine] [2018-09-10 14:45:34] [LOG] Set DataSource:0
[Reconstruction Engine] [2018-09-10 14:45:34] [LOG] Set not to use sensor device
[Reconstruction Engine] [2018-09-10 14:46:00] [LOG] ViveStaticReconstruction Destruction

[Reconstruction Engine] [2018-09-10 14:46:26] [LOG] Set DataSource:0
[Reconstruction Engine] [2018-09-10 14:46:26] [LOG] Set not to use sensor device
[Reconstruction Engine] [2018-09-10 14:46:56] [LOG] ViveStaticReconstruction Destruction

[Reconstruction Engine] [2018-09-10 14:47:33] [LOG] Set DataSource:0
[Reconstruction Engine] [2018-09-10 14:47:33] [LOG] Set not to use sensor device
[Reconstruction Engine] [2018-09-10 14:47:49] [LOG] ViveStaticReconstruction Destruction

[Reconstruction Engine] [2018-09-10 14:47:57] [LOG] Set DataSource:0
[Reconstruction Engine] [2018-09-10 14:47:57] [LOG] Set not to use sensor device
[Reconstruction Engine] [2018-09-10 14:48:49] [LOG] ViveStaticReconstruction Destruction

[Reconstruction Engine] [2018-09-11 14:24:13] [LOG] Set DataSource:0
[Reconstruction Engine] [2018-09-11 14:24:13] [LOG] Set not to use sensor device
[Reconstruction Engine] [2018-09-11 14:24:14] [LOG] ViveStaticReconstruction Destruction

[Reconstruction Engine] [2018-09-11 14:24:26] [LOG] Set DataSource:0
[Reconstruction Engine] [2018-09-11 14:24:26] [LOG] Set not to use sensor device
[Reconstruction Engine] [2018-09-11 14:24:27] [LOG] ViveStaticReconstruction Destruction

[Reconstruction Engine] [2018-09-11 14:24:32] [LOG] Set DataSource:0
[Reconstruction Engine] [2018-09-11 14:24:32] [LOG] Set not to use sensor device
[Reconstruction Engine] [2018-09-11 14:24:38] [LOG] ViveStaticReconstruction Destruction

[Reconstruction Engine] [2018-09-11 14:31:45] [LOG] Set DataSource:0
[Reconstruction Engine] [2018-09-11 14:31:45] [LOG] Set not to use sensor device
[Reconstruction Engine] [2018-09-11 14:32:00] [LOG] ViveStaticReconstruction Destruction

[Reconstruction Engine] [2018-09-11 14:40:28] [LOG] Set DataSource:0
[Reconstruction Engine] [2018-09-11 14:40:28] [LOG] Set not to use sensor device
[Reconstruction Engine] [2018-09-11 14:40:35] [LOG] ViveStaticReconstruction Destruction

[Reconstruction Engine] [2018-09-11 14:41:13] [LOG] Set DataSource:0
[Reconstruction Engine] [2018-09-11 14:41:13] [LOG] Set not to use sensor device
[Reconstruction Engine] [2018-09-11 14:41:33] [LOG] ViveStaticReconstruction Destruction

[Reconstruction Engine] [2018-09-11 14:43:30] [LOG] Set DataSource:0
[Reconstruction Engine] [2018-09-11 14:43:30] [LOG] Set not to use sensor device
[Reconstruction Engine] [2018-09-11 14:45:11] [LOG] ViveStaticReconstruction Destruction

[Reconstruction Engine] [2018-09-11 14:46:51] [LOG] Set DataSource:0
[Reconstruction Engine] [2018-09-11 14:46:51] [LOG] Set not to use sensor device
[Reconstruction Engine] [2018-09-11 14:47:31] [LOG] ViveStaticReconstruction Destruction

[Reconstruction Engine] [2018-09-11 14:47:37] [LOG] Set DataSource:0
[Reconstruction Engine] [2018-09-11 14:47:37] [LOG] Set not to use sensor device
[Reconstruction Engine] [2018-09-11 14:49:22] [LOG] ViveStaticReconstruction Destruction

[Reconstruction Engine] [2018-09-11 14:49:35] [LOG] Set DataSource:0
[Reconstruction Engine] [2018-09-11 14:49:35] [LOG] Set not to use sensor device
[Reconstruction Engine] [2018-09-11 14:51:52] [LOG] ViveStaticReconstruction Destruction

[Reconstruction Engine] [2018-09-11 14:56:31] [LOG] Set DataSource:0
[Reconstruction Engine] [2018-09-11 14:56:31] [LOG] Set not to use sensor device
[Reconstruction Engine] [2018-09-11 14:57:48] [LOG] ViveStaticReconstruction Destruction

[Reconstruction Engine] [2018-09-11 15:03:54] [LOG] Set DataSource:0
[Reconstruction Engine] [2018-09-11 15:03:54] [LOG] Set not to use sensor device
[Reconstruction Engine] [2018-09-11 15:04:11] [LOG] ViveStaticReconstruction Destruction

[Reconstruction Engine] [2018-09-11 15:04:31] [LOG] Set DataSource:0
[Reconstruction Engine] [2018-09-11 15:04:31] [LOG] Set not to use sensor device
[Reconstruction Engine] [2018-09-11 15:05:41] [LOG] ViveStaticReconstruction Destruction

[Reconstruction Engine] [2018-09-11 15:05:53] [LOG] Set DataSource:0
[Reconstruction Engine] [2018-09-11 15:05:53] [LOG] Set not to use sensor device
[Reconstruction Engine] [2018-09-11 15:06:20] [LOG] ViveStaticReconstruction Destruction

[Reconstruction Engine] [2018-09-11 16:58:02] [LOG] Set DataSource:0
[Reconstruction Engine] [2018-09-11 16:58:02] [LOG] Set not to use sensor device
[Reconstruction Engine] [2018-09-11 16:58:25] [LOG] ViveStaticReconstruction Destruction

[Reconstruction Engine] [2018-09-11 16:58:41] [LOG] Set DataSource:0
[Reconstruction Engine] [2018-09-11 16:58:41] [LOG] Set not to use sensor device
[Reconstruction Engine] [2018-09-11 16:58:52] [LOG] ViveStaticReconstruction Destruction

[Reconstruction Engine] [2018-09-11 16:58:59] [LOG] Set DataSource:0
[Reconstruction Engine] [2018-09-11 16:58:59] [LOG] Set not to use sensor device
[Reconstruction Engine] [2018-09-11 16:59:24] [LOG] ViveStaticReconstruction Destruction

[Reconstruction Engine] [2018-09-11 16:59:30] [LOG] Set DataSource:0
[Reconstruction Engine] [2018-09-11 16:59:30] [LOG] Set not to use sensor device
[Reconstruction Engine] [2018-09-11 17:08:43] [LOG] ViveStaticReconstruction Destruction

[Reconstruction Engine] [2018-09-18 16:39:44] [LOG] Set DataSource:0
[Reconstruction Engine] [2018-09-18 16:39:44] [LOG] Set not to use sensor device
[Reconstruction Engine] [2018-09-18 16:39:55] [LOG] ViveStaticReconstruction Destruction

[Reconstruction Engine] [2018-09-18 16:40:07] [LOG] Set DataSource:0
[Reconstruction Engine] [2018-09-18 16:40:07] [LOG] Set not to use sensor device
[Reconstruction Engine] [2018-09-18 16:40:21] [LOG] ViveStaticReconstruction Destruction

[Reconstruction Engine] [2018-09-18 16:41:16] [LOG] Set DataSource:0
[Reconstruction Engine] [2018-09-18 16:41:16] [LOG] Set not to use sensor device
[Reconstruction Engine] [2018-09-18 16:41:39] [LOG] ViveStaticReconstruction Destruction

[Reconstruction Engine] [2018-09-18 16:42:36] [LOG] Set DataSource:0
[Reconstruction Engine] [2018-09-18 16:42:36] [LOG] Set not to use sensor device
[Reconstruction Engine] [2018-09-18 16:43:26] [LOG] ViveStaticReconstruction Destruction

[Reconstruction Engine] [2018-09-20 14:53:55] [LOG] Set DataSource:0
[Reconstruction Engine] [2018-09-20 14:53:55] [LOG] Set not to use sensor device
[Reconstruction Engine] [2018-09-20 14:54:03] [LOG] ViveStaticReconstruction Destruction

[Reconstruction Engine] [2018-09-20 15:41:25] [LOG] Set DataSource:0
[Reconstruction Engine] [2018-09-20 15:41:25] [LOG] Set not to use sensor device
[Reconstruction Engine] [2018-09-20 15:41:38] [LOG] ViveStaticReconstruction Destruction

[Reconstruction Engine] [2018-09-20 15:45:28] [LOG] Set DataSource:0
[Reconstruction Engine] [2018-09-20 15:45:28] [LOG] Set not to use sensor device
[Reconstruction Engine] [2018-09-20 15:46:37] [LOG] ViveStaticReconstruction Destruction

[Reconstruction Engine] [2018-09-20 15:46:40] [LOG] Set DataSource:0
[Reconstruction Engine] [2018-09-20 15:46:40] [LOG] Set not to use sensor device
[Reconstruction Engine] [2018-09-20 15:47:38] [LOG] Set DataSource:0
[Reconstruction Engine] [2018-09-20 15:47:38] [LOG] Set not to use sensor device
[Reconstruction Engine] [2018-09-20 15:48:44] [LOG] ViveStaticReconstruction Destruction

[Reconstruction Engine] [2018-09-20 15:49:46] [LOG] Set DataSource:0
[Reconstruction Engine] [2018-09-20 15:49:46] [LOG] Set not to use sensor device
[Reconstruction Engine] [2018-09-20 15:50:31] [LOG] ViveStaticReconstruction Destruction

[Reconstruction Engine] [2018-09-20 15:50:41] [LOG] Set DataSource:0
[Reconstruction Engine] [2018-09-20 15:50:41] [LOG] Set not to use sensor device
[Reconstruction Engine] [2018-09-20 15:50:56] [LOG] ViveStaticReconstruction Destruction

[Reconstruction Engine] [2018-09-20 16:05:26] [LOG] Set DataSource:0
[Reconstruction Engine] [2018-09-20 16:05:26] [LOG] Set not to use sensor device
[Reconstruction Engine] [2018-09-20 16:05:57] [LOG] ViveStaticReconstruction Destruction

[Reconstruction Engine] [2018-09-20 16:06:00] [LOG] Set DataSource:0
[Reconstruction Engine] [2018-09-20 16:06:00] [LOG] Set not to use sensor device
[Reconstruction Engine] [2018-09-20 16:10:09] [LOG] Set DataSource:0
[Reconstruction Engine] [2018-09-20 16:10:09] [LOG] Set not to use sensor device
[Reconstruction Engine] [2018-09-20 16:10:42] [LOG] ViveStaticReconstruction Destruction

[Reconstruction Engine] [2018-09-20 16:10:49] [LOG] Set DataSource:0
[Reconstruction Engine] [2018-09-20 16:10:49] [LOG] Set not to use sensor device
[Reconstruction Engine] [2018-09-20 16:11:25] [LOG] ViveStaticReconstruction Destruction

[Reconstruction Engine] [2018-09-20 16:11:37] [LOG] Set DataSource:0
[Reconstruction Engine] [2018-09-20 16:11:37] [LOG] Set not to use sensor device
[Reconstruction Engine] [2018-09-20 16:11:41] [LOG] ViveStaticReconstruction Destruction

[Reconstruction Engine] [2018-09-20 16:11:52] [LOG] Set DataSource:0
[Reconstruction Engine] [2018-09-20 16:11:52] [LOG] Set not to use sensor device
[Reconstruction Engine] [2018-09-20 16:11:59] [LOG] ViveStaticReconstruction Destruction

[Reconstruction Engine] [2018-09-20 16:12:02] [LOG] Set DataSource:0
[Reconstruction Engine] [2018-09-20 16:12:02] [LOG] Set not to use sensor device
[Reconstruction Engine] [2018-10-19 14:45:49] [LOG] Set DataSource:0
[Reconstruction Engine] [2018-10-19 14:45:49] [LOG] Set not to use sensor device
[Reconstruction Engine] [2018-10-19 14:45:51] [LOG] ViveStaticReconstruction Destruction

[Reconstruction Engine] [2018-10-19 14:47:34] [LOG] Set DataSource:0
[Reconstruction Engine] [2018-10-19 14:47:34] [LOG] Set not to use sensor device
[Reconstruction Engine] [2018-10-19 14:47:34] [LOG] ViveStaticReconstruction Destruction

[Reconstruction Engine] [2018-10-22 17:14:04] [LOG] Set DataSource:0
[Reconstruction Engine] [2018-10-22 17:14:04] [LOG] Set not to use sensor device
[Reconstruction Engine] [2018-10-22 17:15:21] [LOG] ViveStaticReconstruction Destruction

[Reconstruction Engine] [2018-10-22 17:15:34] [LOG] Set DataSource:0
[Reconstruction Engine] [2018-10-22 17:15:34] [LOG] Set not to use sensor device
[Reconstruction Engine] [2018-10-22 17:15:35] [LOG] ViveStaticReconstruction Destruction

[Reconstruction Engine] [2018-10-22 17:15:42] [LOG] Set DataSource:0
[Reconstruction Engine] [2018-10-22 17:15:42] [LOG] Set not to use sensor device
[Reconstruction Engine] [2018-10-22 17:16:19] [LOG] Set DataSource:0
[Reconstruction Engine] [2018-10-22 17:16:19] [LOG] Set not to use sensor device
[Reconstruction Engine] [2018-10-22 17:16:20] [LOG] ViveStaticReconstruction Destruction

[Reconstruction Engine] [2018-10-22 17:16:27] [LOG] Set DataSource:0
[Reconstruction Engine] [2018-10-22 17:16:27] [LOG] Set not to use sensor device
[Reconstruction Engine] [2018-10-22 17:16:36] [LOG] ViveStaticReconstruction Destruction

[Reconstruction Engine] [2018-10-23 10:25:38] [LOG] Set DataSource:0
[Reconstruction Engine] [2018-10-23 10:25:38] [LOG] Set not to use sensor device
[Reconstruction Engine] [2018-10-23 10:25:45] [LOG] ViveStaticReconstruction Destruction

[Reconstruction Engine] [2018-10-23 10:27:45] [LOG] Set DataSource:0
[Reconstruction Engine] [2018-10-23 10:27:45] [LOG] Set not to use sensor device
[Reconstruction Engine] [2018-10-23 10:27:45] [-WARNING-] [CODE: 0x0012] 
[Reconstruction Engine] [2018-10-23 10:27:45] [-WARNING-] [CODE: 0x0012] 
[Reconstruction Engine] [2018-10-23 10:27:45] [LOG] ViveStaticReconstruction Construction
[Reconstruction Engine] [2018-10-23 10:27:48] [LOG] Set DataSource:0
[Reconstruction Engine] [2018-10-23 10:27:48] [LOG] Set not to use sensor device
[Reconstruction Engine] [2018-10-23 10:27:48] [-WARNING-] [CODE: 0x0012] 
[Reconstruction Engine] [2018-10-23 10:27:48] [-WARNING-] [CODE: 0x0012] 
[Reconstruction Engine] [2018-10-23 10:33:50] [LOG] Set DataSource:0
[Reconstruction Engine] [2018-10-23 10:33:50] [LOG] Set not to use sensor device
[Reconstruction Engine] [2018-10-23 10:33:56] [LOG] ViveStaticReconstruction Destruction

[Reconstruction Engine] [2018-10-23 10:34:12] [LOG] Set DataSource:0
[Reconstruction Engine] [2018-10-23 10:34:12] [LOG] Set not to use sensor device
[Reconstruction Engine] [2018-10-23 10:35:11] [LOG] ViveStaticReconstruction Destruction

[Reconstruction Engine] [2018-10-23 10:35:18] [LOG] Set DataSource:0
[Reconstruction Engine] [2018-10-23 10:35:18] [LOG] Set not to use sensor device
[Reconstruction Engine] [2018-10-23 10:40:03] [LOG] Set DataSource:0
[Reconstruction Engine] [2018-10-23 10:40:03] [LOG] Set not to use sensor device
[Reconstruction Engine] [2018-10-23 10:40:03] [LOG] ViveStaticReconstruction Destruction

[Reconstruction Engine] [2018-10-23 10:40:45] [LOG] Set DataSource:0
[Reconstruction Engine] [2018-10-23 10:40:45] [LOG] Set not to use sensor device
[Reconstruction Engine] [2018-10-23 10:40:46] [LOG] ViveStaticReconstruction Destruction

[Reconstruction Engine] [2018-10-23 10:41:02] [LOG] Set DataSource:0
[Reconstruction Engine] [2018-10-23 10:41:02] [LOG] Set not to use sensor device
[Reconstruction Engine] [2018-10-23 10:41:02] [-WARNING-] [CODE: 0x0012] 
[Reconstruction Engine] [2018-10-23 10:41:02] [-WARNING-] [CODE: 0x0012] 
[Reconstruction Engine] [2018-10-23 10:41:02] [LOG] ViveStaticReconstruction Construction
[Reconstruction Engine] [2018-10-23 10:41:05] [LOG] Set DataSource:0
[Reconstruction Engine] [2018-10-23 10:41:05] [LOG] Set not to use sensor device
[Reconstruction Engine] [2018-10-23 10:41:05] [-WARNING-] [CODE: 0x0012] 
[Reconstruction Engine] [2018-10-23 10:41:05] [-WARNING-] [CODE: 0x0012] 
[Reconstruction Engine] [2018-10-23 10:46:21] [LOG] Set DataSource:0
[Reconstruction Engine] [2018-10-23 10:46:21] [LOG] Set not to use sensor device
[Reconstruction Engine] [2018-10-23 10:46:26] [LOG] ViveStaticReconstruction Destruction

[Reconstruction Engine] [2018-10-23 10:46:40] [LOG] Set DataSource:0
[Reconstruction Engine] [2018-10-23 10:46:40] [LOG] Set not to use sensor device
[Reconstruction Engine] [2018-10-23 10:46:40] [-WARNING-] [CODE: 0x0012] 
[Reconstruction Engine] [2018-10-23 10:46:40] [-WARNING-] [CODE: 0x0012] 
[Reconstruction Engine] [2018-10-23 10:46:40] [LOG] ViveStaticReconstruction Construction
[Reconstruction Engine] [2018-10-23 10:46:43] [LOG] Set DataSource:0
[Reconstruction Engine] [2018-10-23 10:46:43] [LOG] Set not to use sensor device
[Reconstruction Engine] [2018-10-23 10:46:43] [-WARNING-] [CODE: 0x0012] 
[Reconstruction Engine] [2018-10-23 10:46:43] [-WARNING-] [CODE: 0x0012] 
[Reconstruction Engine] [2018-10-23 10:48:44] [LOG] Set DataSource:0
[Reconstruction Engine] [2018-10-23 10:48:44] [LOG] Set not to use sensor device
[Reconstruction Engine] [2018-10-23 10:49:18] [LOG] ViveStaticReconstruction Destruction

[Reconstruction Engine] [2018-10-23 10:49:37] [LOG] Set DataSource:0
[Reconstruction Engine] [2018-10-23 10:49:37] [LOG] Set not to use sensor device
[Reconstruction Engine] [2018-10-23 10:49:37] [-WARNING-] [CODE: 0x0012] 
[Reconstruction Engine] [2018-10-23 10:49:37] [-WARNING-] [CODE: 0x0012] 
[Reconstruction Engine] [2018-10-23 10:49:37] [LOG] ViveStaticReconstruction Construction
[Reconstruction Engine] [2018-10-23 10:49:40] [LOG] Set DataSource:0
[Reconstruction Engine] [2018-10-23 10:49:40] [LOG] Set not to use sensor device
[Reconstruction Engine] [2018-10-23 10:49:40] [-WARNING-] [CODE: 0x0012] 
[Reconstruction Engine] [2018-10-23 10:49:40] [-WARNING-] [CODE: 0x0012] 
[Reconstruction Engine] [2018-10-23 11:01:17] [LOG] Set DataSource:0
[Reconstruction Engine] [2018-10-23 11:01:17] [LOG] Set not to use sensor device
[Reconstruction Engine] [2018-10-23 11:01:22] [LOG] ViveStaticReconstruction Destruction

[Reconstruction Engine] [2018-10-23 11:01:33] [LOG] Set DataSource:0
[Reconstruction Engine] [2018-10-23 11:01:33] [LOG] Set not to use sensor device
[Reconstruction Engine] [2018-10-23 11:01:33] [-WARNING-] [CODE: 0x0012] 
[Reconstruction Engine] [2018-10-23 11:01:33] [-WARNING-] [CODE: 0x0012] 
[Reconstruction Engine] [2018-10-23 11:01:33] [LOG] ViveStaticReconstruction Construction
[Reconstruction Engine] [2018-10-23 11:01:36] [LOG] Set DataSource:0
[Reconstruction Engine] [2018-10-23 11:01:36] [LOG] Set not to use sensor device
[Reconstruction Engine] [2018-10-23 11:01:36] [-WARNING-] [CODE: 0x0012] 
[Reconstruction Engine] [2018-10-23 11:01:36] [-WARNING-] [CODE: 0x0012] 
[Reconstruction Engine] [2018-10-23 11:49:17] [LOG] Set DataSource:0
[Reconstruction Engine] [2018-10-23 11:49:17] [LOG] Set not to use sensor device
[Reconstruction Engine] [2018-10-23 11:49:20] [LOG] ViveStaticReconstruction Destruction

[Reconstruction Engine] [2018-10-23 11:49:30] [LOG] Set DataSource:0
[Reconstruction Engine] [2018-10-23 11:49:30] [LOG] Set not to use sensor device
[Reconstruction Engine] [2018-10-23 11:49:32] [LOG] ViveStaticReconstruction Destruction

[Reconstruction Engine] [2018-10-23 11:50:05] [LOG] Set DataSource:0
[Reconstruction Engine] [2018-10-23 11:50:05] [LOG] Set not to use sensor device
[Reconstruction Engine] [2018-10-23 11:50:07] [LOG] ViveStaticReconstruction Destruction

[Reconstruction Engine] [2018-10-23 11:50:28] [LOG] Set DataSource:0
[Reconstruction Engine] [2018-10-23 11:50:28] [LOG] Set not to use sensor device
[Reconstruction Engine] [2018-10-23 11:50:30] [LOG] ViveStaticReconstruction Destruction

[Reconstruction Engine] [2018-10-23 11:51:00] [LOG] Set DataSource:0
[Reconstruction Engine] [2018-10-23 11:51:00] [LOG] Set not to use sensor device
[Reconstruction Engine] [2018-10-23 11:51:02] [LOG] ViveStaticReconstruction Destruction

[Reconstruction Engine] [2018-10-23 11:51:50] [LOG] Set DataSource:0
[Reconstruction Engine] [2018-10-23 11:51:50] [LOG] Set not to use sensor device
[Reconstruction Engine] [2018-10-23 11:51:52] [LOG] ViveStaticReconstruction Destruction

[Reconstruction Engine] [2018-10-23 11:54:52] [LOG] Set DataSource:0
[Reconstruction Engine] [2018-10-23 11:54:52] [LOG] Set not to use sensor device
[Reconstruction Engine] [2018-10-23 11:54:54] [LOG] ViveStaticReconstruction Destruction

[Reconstruction Engine] [2018-10-23 11:55:03] [LOG] Set DataSource:0
[Reconstruction Engine] [2018-10-23 11:55:03] [LOG] Set not to use sensor device
[Reconstruction Engine] [2018-10-23 11:55:04] [LOG] ViveStaticReconstruction Destruction

[Reconstruction Engine] [2018-10-23 11:55:22] [LOG] Set DataSource:0
[Reconstruction Engine] [2018-10-23 11:55:22] [LOG] Set not to use sensor device
[Reconstruction Engine] [2018-10-23 11:55:24] [LOG] ViveStaticReconstruction Destruction

[Reconstruction Engine] [2018-10-23 12:00:31] [LOG] Set DataSource:0
[Reconstruction Engine] [2018-10-23 12:00:31] [LOG] Set not to use sensor device
[Reconstruction Engine] [2018-10-23 12:00:35] [LOG] ViveStaticReconstruction Destruction

[Reconstruction Engine] [2018-10-23 12:00:41] [LOG] Set DataSource:0
[Reconstruction Engine] [2018-10-23 12:00:41] [LOG] Set not to use sensor device
[Reconstruction Engine] [2018-10-23 12:16:02] [LOG] Set DataSource:0
[Reconstruction Engine] [2018-10-23 12:16:02] [LOG] Set not to use sensor device
[Reconstruction Engine] [2018-10-23 12:16:10] [LOG] ViveStaticReconstruction Destruction

[Reconstruction Engine] [2018-10-23 12:16:17] [LOG] Set DataSource:0
[Reconstruction Engine] [2018-10-23 12:16:17] [LOG] Set not to use sensor device
[Reconstruction Engine] [2018-10-23 12:36:59] [LOG] Set DataSource:0
[Reconstruction Engine] [2018-10-23 12:36:59] [LOG] Set not to use sensor device
[Reconstruction Engine] [2018-10-23 12:37:31] [LOG] ViveStaticReconstruction Destruction

[Reconstruction Engine] [2018-10-23 12:37:34] [LOG] Set DataSource:0
[Reconstruction Engine] [2018-10-23 12:37:34] [LOG] Set not to use sensor device
[Reconstruction Engine] [2018-10-23 12:45:54] [LOG] Set DataSource:0
[Reconstruction Engine] [2018-10-23 12:45:54] [LOG] Set not to use sensor device
[Reconstruction Engine] [2018-10-23 12:46:22] [LOG] ViveStaticReconstruction Destruction

[Reconstruction Engine] [2018-10-23 12:46:25] [LOG] Set DataSource:0
[Reconstruction Engine] [2018-10-23 12:46:25] [LOG] Set not to use sensor device
[Reconstruction Engine] [2018-10-23 12:49:31] [LOG] Set DataSource:0
[Reconstruction Engine] [2018-10-23 12:49:31] [LOG] Set not to use sensor device
[Reconstruction Engine] [2018-10-23 12:51:12] [LOG] ViveStaticReconstruction Destruction

[Reconstruction Engine] [2018-10-23 12:51:15] [LOG] Set DataSource:0
[Reconstruction Engine] [2018-10-23 12:51:15] [LOG] Set not to use sensor device
[Reconstruction Engine] [2018-10-23 12:53:37] [LOG] Set DataSource:0
[Reconstruction Engine] [2018-10-23 12:53:37] [LOG] Set not to use sensor device
[Reconstruction Engine] [2018-10-23 12:53:57] [LOG] ViveStaticReconstruction Destruction

[Reconstruction Engine] [2018-10-23 12:54:00] [LOG] Set DataSource:0
[Reconstruction Engine] [2018-10-23 12:54:00] [LOG] Set not to use sensor device
[Reconstruction Engine] [2018-10-23 13:00:43] [LOG] Set DataSource:0
[Reconstruction Engine] [2018-10-23 13:00:43] [LOG] Set not to use sensor device
[Reconstruction Engine] [2018-10-23 13:01:10] [LOG] ViveStaticReconstruction Destruction

[Reconstruction Engine] [2018-10-23 13:01:16] [LOG] Set DataSource:0
[Reconstruction Engine] [2018-10-23 13:01:16] [LOG] Set not to use sensor device
[Reconstruction Engine] [2018-10-24 10:07:35] [LOG] Set DataSource:0
[Reconstruction Engine] [2018-10-24 10:07:35] [LOG] Set not to use sensor device
[Reconstruction Engine] [2018-10-24 10:09:59] [LOG] ViveStaticReconstruction Destruction

[Reconstruction Engine] [2018-10-24 10:11:10] [LOG] Set DataSource:0
[Reconstruction Engine] [2018-10-24 10:11:10] [LOG] Set not to use sensor device
[Reconstruction Engine] [2018-10-24 10:11:34] [LOG] ViveStaticReconstruction Destruction

[Reconstruction Engine] [2018-10-24 10:11:56] [LOG] Set DataSource:0
[Reconstruction Engine] [2018-10-24 10:11:56] [LOG] Set not to use sensor device
[Reconstruction Engine] [2018-10-24 10:12:12] [LOG] ViveStaticReconstruction Destruction

[Reconstruction Engine] [2018-10-24 11:32:57] [LOG] Set DataSource:0
[Reconstruction Engine] [2018-10-24 11:32:57] [LOG] Set not to use sensor device
[Reconstruction Engine] [2018-10-24 11:32:58] [LOG] ViveStaticReconstruction Destruction

[Reconstruction Engine] [2018-10-24 11:40:36] [LOG] Set DataSource:0
[Reconstruction Engine] [2018-10-24 11:40:36] [LOG] Set not to use sensor device
[Reconstruction Engine] [2018-10-24 11:41:03] [LOG] ViveStaticReconstruction Destruction

[Reconstruction Engine] [2018-10-24 11:43:52] [LOG] Set DataSource:0
[Reconstruction Engine] [2018-10-24 11:43:52] [LOG] Set not to use sensor device
[Reconstruction Engine] [2018-10-24 11:44:05] [LOG] ViveStaticReconstruction Destruction

[Reconstruction Engine] [2018-10-24 11:50:04] [LOG] Set DataSource:0
[Reconstruction Engine] [2018-10-24 11:50:04] [LOG] Set not to use sensor device
[Reconstruction Engine] [2018-10-24 11:50:53] [LOG] ViveStaticReconstruction Destruction

[Reconstruction Engine] [2018-10-24 12:06:45] [LOG] Set DataSource:0
[Reconstruction Engine] [2018-10-24 12:06:45] [LOG] Set not to use sensor device
[Reconstruction Engine] [2018-10-24 12:07:28] [LOG] ViveStaticReconstruction Destruction

[Reconstruction Engine] [2018-10-24 12:30:13] [LOG] Set DataSource:0
[Reconstruction Engine] [2018-10-24 12:30:13] [LOG] Set not to use sensor device
[Reconstruction Engine] [2018-10-24 12:31:47] [LOG] ViveStaticReconstruction Destruction

[Reconstruction Engine] [2018-11-07 11:41:04] [LOG] Set DataSource:0
[Reconstruction Engine] [2018-11-07 11:41:04] [LOG] Set not to use sensor device
[Reconstruction Engine] [2018-11-07 11:41:21] [LOG] ViveStaticReconstruction Destruction

[Reconstruction Engine] [2018-11-07 11:42:50] [LOG] Set DataSource:0
[Reconstruction Engine] [2018-11-07 11:42:50] [LOG] Set not to use sensor device
[Reconstruction Engine] [2018-11-07 11:43:01] [LOG] ViveStaticReconstruction Destruction

[Reconstruction Engine] [2018-11-07 11:44:24] [LOG] Set DataSource:0
[Reconstruction Engine] [2018-11-07 11:44:24] [LOG] Set not to use sensor device
[Reconstruction Engine] [2018-11-07 11:44:38] [LOG] ViveStaticReconstruction Destruction

[Reconstruction Engine] [2018-11-07 11:45:08] [LOG] Set DataSource:0
[Reconstruction Engine] [2018-11-07 11:45:08] [LOG] Set not to use sensor device
[Reconstruction Engine] [2018-11-07 11:45:30] [LOG] ViveStaticReconstruction Destruction

[Reconstruction Engine] [2018-11-07 11:46:21] [LOG] Set DataSource:0
[Reconstruction Engine] [2018-11-07 11:46:21] [LOG] Set not to use sensor device
[Reconstruction Engine] [2018-11-07 11:46:30] [LOG] ViveStaticReconstruction Destruction

[Reconstruction Engine] [2018-11-07 11:47:12] [LOG] Set DataSource:0
[Reconstruction Engine] [2018-11-07 11:47:12] [LOG] Set not to use sensor device
[Reconstruction Engine] [2018-11-07 11:47:53] [LOG] ViveStaticReconstruction Destruction

[Reconstruction Engine] [2018-11-07 11:48:30] [LOG] Set DataSource:0
[Reconstruction Engine] [2018-11-07 11:48:30] [LOG] Set not to use sensor device
[Reconstruction Engine] [2018-11-07 11:48:41] [LOG] ViveStaticReconstruction Destruction

[Reconstruction Engine] [2018-11-07 11:55:12] [LOG] Set DataSource:0
[Reconstruction Engine] [2018-11-07 11:55:12] [LOG] Set not to use sensor device
[Reconstruction Engine] [2018-11-07 11:55:13] [LOG] ViveStaticReconstruction Destruction

[Reconstruction Engine] [2018-11-07 11:57:06] [LOG] Set DataSource:0
[Reconstruction Engine] [2018-11-07 11:57:06] [LOG] Set not to use sensor device
[Reconstruction Engine] [2018-11-07 11:57:13] [LOG] ViveStaticReconstruction Destruction

[Reconstruction Engine] [2018-11-07 11:57:29] [LOG] Set DataSource:0
[Reconstruction Engine] [2018-11-07 11:57:29] [LOG] Set not to use sensor device
[Reconstruction Engine] [2018-11-07 11:58:53] [LOG] ViveStaticReconstruction Destruction

[Reconstruction Engine] [2018-11-07 12:02:53] [LOG] Set DataSource:0
[Reconstruction Engine] [2018-11-07 12:02:53] [LOG] Set not to use sensor device
[Reconstruction Engine] [2018-11-07 12:02:55] [LOG] ViveStaticReconstruction Destruction

[Reconstruction Engine] [2018-11-07 12:04:02] [LOG] Set DataSource:0
[Reconstruction Engine] [2018-11-07 12:04:02] [LOG] Set not to use sensor device
[Reconstruction Engine] [2018-11-07 12:04:30] [LOG] ViveStaticReconstruction Destruction

[Reconstruction Engine] [2018-11-07 12:04:37] [LOG] Set DataSource:0
[Reconstruction Engine] [2018-11-07 12:04:37] [LOG] Set not to use sensor device
[Reconstruction Engine] [2018-11-07 12:05:38] [LOG] ViveStaticReconstruction Destruction

[Reconstruction Engine] [2018-11-07 13:26:28] [LOG] Set DataSource:0
[Reconstruction Engine] [2018-11-07 13:26:28] [LOG] Set not to use sensor device
[Reconstruction Engine] [2018-11-07 13:27:46] [LOG] ViveStaticReconstruction Destruction

[Reconstruction Engine] [2018-11-07 14:07:08] [LOG] Set DataSource:0
[Reconstruction Engine] [2018-11-07 14:07:08] [LOG] Set not to use sensor device
[Reconstruction Engine] [2018-11-07 14:08:06] [LOG] ViveStaticReconstruction Destruction

[Reconstruction Engine] [2018-11-07 14:30:02] [LOG] Set DataSource:0
[Reconstruction Engine] [2018-11-07 14:30:02] [LOG] Set not to use sensor device
[Reconstruction Engine] [2018-11-07 14:30:21] [LOG] ViveStaticReconstruction Destruction

[Reconstruction Engine] [2018-11-07 14:35:45] [LOG] Set DataSource:0
[Reconstruction Engine] [2018-11-07 14:35:45] [LOG] Set not to use sensor device
[Reconstruction Engine] [2018-11-07 14:36:47] [LOG] ViveStaticReconstruction Destruction

[Reconstruction Engine] [2018-11-07 14:36:54] [LOG] Set DataSource:0
[Reconstruction Engine] [2018-11-07 14:36:54] [LOG] Set not to use sensor device
[Reconstruction Engine] [2018-11-07 14:38:29] [LOG] ViveStaticReconstruction Destruction

[Reconstruction Engine] [2018-11-07 14:38:45] [LOG] Set DataSource:0
[Reconstruction Engine] [2018-11-07 14:38:45] [LOG] Set not to use sensor device
[Reconstruction Engine] [2018-11-07 14:39:07] [LOG] ViveStaticReconstruction Destruction

[Reconstruction Engine] [2018-11-08 12:19:38] [LOG] Set DataSource:0
[Reconstruction Engine] [2018-11-08 12:19:38] [LOG] Set not to use sensor device
[Reconstruction Engine] [2018-11-08 12:19:39] [LOG] ViveStaticReconstruction Destruction

[Reconstruction Engine] [2018-11-08 12:19:50] [LOG] Set DataSource:0
[Reconstruction Engine] [2018-11-08 12:19:50] [LOG] Set not to use sensor device
[Reconstruction Engine] [2018-11-08 12:21:00] [LOG] ViveStaticReconstruction Destruction

[Reconstruction Engine] [2018-11-08 12:21:19] [LOG] Set DataSource:0
[Reconstruction Engine] [2018-11-08 12:21:19] [LOG] Set not to use sensor device
[Reconstruction Engine] [2018-11-08 12:21:58] [LOG] ViveStaticReconstruction Destruction

[Reconstruction Engine] [2018-11-08 12:22:07] [LOG] Set DataSource:0
[Reconstruction Engine] [2018-11-08 12:22:07] [LOG] Set not to use sensor device
[Reconstruction Engine] [2018-11-08 12:22:33] [LOG] ViveStaticReconstruction Destruction

[Reconstruction Engine] [2018-11-08 12:22:57] [LOG] Set DataSource:0
[Reconstruction Engine] [2018-11-08 12:22:57] [LOG] Set not to use sensor device
[Reconstruction Engine] [2018-11-08 12:23:13] [LOG] ViveStaticReconstruction Destruction

[Reconstruction Engine] [2018-11-08 12:23:29] [LOG] Set DataSource:0
[Reconstruction Engine] [2018-11-08 12:23:29] [LOG] Set not to use sensor device
[Reconstruction Engine] [2018-11-08 12:23:51] [LOG] ViveStaticReconstruction Destruction

[Reconstruction Engine] [2018-11-08 12:25:01] [LOG] Set DataSource:0
[Reconstruction Engine] [2018-11-08 12:25:01] [LOG] Set not to use sensor device
[Reconstruction Engine] [2018-11-08 12:25:13] [LOG] ViveStaticReconstruction Destruction

[Reconstruction Engine] [2018-11-08 12:25:32] [LOG] Set DataSource:0
[Reconstruction Engine] [2018-11-08 12:25:32] [LOG] Set not to use sensor device
[Reconstruction Engine] [2018-11-08 12:28:26] [LOG] ViveStaticReconstruction Destruction

[Reconstruction Engine] [2018-11-08 12:28:35] [LOG] Set DataSource:0
[Reconstruction Engine] [2018-11-08 12:28:35] [LOG] Set not to use sensor device
[Reconstruction Engine] [2018-11-08 12:29:37] [LOG] ViveStaticReconstruction Destruction

[Reconstruction Engine] [2018-11-08 12:29:59] [LOG] Set DataSource:0
[Reconstruction Engine] [2018-11-08 12:29:59] [LOG] Set not to use sensor device
[Reconstruction Engine] [2018-11-08 12:30:08] [LOG] ViveStaticReconstruction Destruction

[Reconstruction Engine] [2018-11-08 12:30:25] [LOG] Set DataSource:0
[Reconstruction Engine] [2018-11-08 12:30:25] [LOG] Set not to use sensor device
[Reconstruction Engine] [2018-11-08 12:30:30] [LOG] ViveStaticReconstruction Destruction

[Reconstruction Engine] [2018-11-08 12:30:43] [LOG] Set DataSource:0
[Reconstruction Engine] [2018-11-08 12:30:43] [LOG] Set not to use sensor device
[Reconstruction Engine] [2018-11-08 12:30:51] [LOG] ViveStaticReconstruction Destruction

[Reconstruction Engine] [2018-11-08 15:32:30] [LOG] Set DataSource:0
[Reconstruction Engine] [2018-11-08 15:32:30] [LOG] Set not to use sensor device
[Reconstruction Engine] [2018-11-08 15:34:22] [LOG] ViveStaticReconstruction Destruction

[Reconstruction Engine] [2018-11-08 15:35:05] [LOG] Set DataSource:0
[Reconstruction Engine] [2018-11-08 15:35:05] [LOG] Set not to use sensor device
[Reconstruction Engine] [2018-11-08 15:38:30] [LOG] ViveStaticReconstruction Destruction

[Reconstruction Engine] [2018-11-08 15:38:36] [LOG] Set DataSource:0
[Reconstruction Engine] [2018-11-08 15:38:36] [LOG] Set not to use sensor device
[Reconstruction Engine] [2018-11-08 15:40:13] [LOG] ViveStaticReconstruction Destruction

[Reconstruction Engine] [2018-11-08 15:40:23] [LOG] Set DataSource:0
[Reconstruction Engine] [2018-11-08 15:40:23] [LOG] Set not to use sensor device
[Reconstruction Engine] [2018-11-08 15:45:42] [LOG] ViveStaticReconstruction Destruction

[Reconstruction Engine] [2018-11-08 16:13:11] [LOG] Set DataSource:0
[Reconstruction Engine] [2018-11-08 16:13:11] [LOG] Set not to use sensor device
[Reconstruction Engine] [2018-11-08 16:14:04] [LOG] ViveStaticReconstruction Destruction

[Reconstruction Engine] [2018-11-08 16:15:08] [LOG] Set DataSource:0
[Reconstruction Engine] [2018-11-08 16:15:08] [LOG] Set not to use sensor device
[Reconstruction Engine] [2018-11-08 16:15:48] [LOG] ViveStaticReconstruction Destruction

[Reconstruction Engine] [2018-11-09 13:38:49] [LOG] Set DataSource:0
[Reconstruction Engine] [2018-11-09 13:38:49] [LOG] Set not to use sensor device
[Reconstruction Engine] [2018-11-09 13:40:04] [LOG] ViveStaticReconstruction Destruction

[Reconstruction Engine] [2018-11-09 13:40:39] [LOG] Set DataSource:0
[Reconstruction Engine] [2018-11-09 13:40:39] [LOG] Set not to use sensor device
[Reconstruction Engine] [2018-11-09 13:41:04] [LOG] ViveStaticReconstruction Destruction

[Reconstruction Engine] [2018-11-09 13:41:14] [LOG] Set DataSource:0
[Reconstruction Engine] [2018-11-09 13:41:14] [LOG] Set not to use sensor device
[Reconstruction Engine] [2018-11-09 13:41:58] [LOG] ViveStaticReconstruction Destruction

[Reconstruction Engine] [2018-11-09 13:42:18] [LOG] Set DataSource:0
[Reconstruction Engine] [2018-11-09 13:42:18] [LOG] Set not to use sensor device
[Reconstruction Engine] [2018-11-09 13:42:28] [LOG] ViveStaticReconstruction Destruction

[Reconstruction Engine] [2018-11-09 14:07:19] [LOG] Set DataSource:0
[Reconstruction Engine] [2018-11-09 14:07:19] [LOG] Set not to use sensor device
[Reconstruction Engine] [2018-11-09 14:08:09] [LOG] ViveStaticReconstruction Destruction

[Reconstruction Engine] [2018-11-09 14:10:01] [LOG] Set DataSource:0
[Reconstruction Engine] [2018-11-09 14:10:01] [LOG] Set not to use sensor device
[Reconstruction Engine] [2018-11-09 14:10:13] [LOG] ViveStaticReconstruction Destruction

[Reconstruction Engine] [2018-11-09 14:11:12] [LOG] Set DataSource:0
[Reconstruction Engine] [2018-11-09 14:11:12] [LOG] Set not to use sensor device
[Reconstruction Engine] [2018-11-09 14:11:20] [LOG] ViveStaticReconstruction Destruction

[Reconstruction Engine] [2018-11-09 14:12:30] [LOG] Set DataSource:0
[Reconstruction Engine] [2018-11-09 14:12:30] [LOG] Set not to use sensor device
[Reconstruction Engine] [2018-11-09 14:12:58] [LOG] ViveStaticReconstruction Destruction

[Reconstruction Engine] [2018-11-09 14:13:50] [LOG] Set DataSource:0
[Reconstruction Engine] [2018-11-09 14:13:50] [LOG] Set not to use sensor device
[Reconstruction Engine] [2018-11-09 14:14:04] [LOG] ViveStaticReconstruction Destruction

[Reconstruction Engine] [2018-11-09 14:14:39] [LOG] Set DataSource:0
[Reconstruction Engine] [2018-11-09 14:14:39] [LOG] Set not to use sensor device
[Reconstruction Engine] [2018-11-09 14:14:41] [LOG] ViveStaticReconstruction Destruction

[Reconstruction Engine] [2018-11-09 14:14:48] [LOG] Set DataSource:0
[Reconstruction Engine] [2018-11-09 14:14:48] [LOG] Set not to use sensor device
[Reconstruction Engine] [2018-11-09 14:16:49] [LOG] ViveStaticReconstruction Destruction

[Reconstruction Engine] [2018-11-09 14:21:14] [LOG] Set DataSource:0
[Reconstruction Engine] [2018-11-09 14:21:14] [LOG] Set not to use sensor device
[Reconstruction Engine] [2018-11-09 14:21:18] [LOG] ViveStaticReconstruction Destruction

[Reconstruction Engine] [2018-11-09 14:22:40] [LOG] Set DataSource:0
[Reconstruction Engine] [2018-11-09 14:22:40] [LOG] Set not to use sensor device
[Reconstruction Engine] [2018-11-09 14:22:47] [LOG] ViveStaticReconstruction Destruction

[Reconstruction Engine] [2018-11-09 14:27:38] [LOG] Set DataSource:0
[Reconstruction Engine] [2018-11-09 14:27:38] [LOG] Set not to use sensor device
[Reconstruction Engine] [2018-11-09 14:29:48] [LOG] ViveStaticReconstruction Destruction

[Reconstruction Engine] [2018-11-09 14:35:55] [LOG] Set DataSource:0
[Reconstruction Engine] [2018-11-09 14:35:55] [LOG] Set not to use sensor device
[Reconstruction Engine] [2018-11-09 14:36:27] [LOG] ViveStaticReconstruction Destruction

[Reconstruction Engine] [2018-11-09 14:36:42] [LOG] Set DataSource:0
[Reconstruction Engine] [2018-11-09 14:36:42] [LOG] Set not to use sensor device
[Reconstruction Engine] [2018-11-09 14:38:03] [LOG] ViveStaticReconstruction Destruction

[Reconstruction Engine] [2018-11-09 14:38:09] [LOG] Set DataSource:0
[Reconstruction Engine] [2018-11-09 14:38:09] [LOG] Set not to use sensor device
[Reconstruction Engine] [2018-11-09 14:38:27] [LOG] ViveStaticReconstruction Destruction

[Reconstruction Engine] [2018-11-09 14:40:31] [LOG] Set DataSource:0
[Reconstruction Engine] [2018-11-09 14:40:31] [LOG] Set not to use sensor device
[Reconstruction Engine] [2018-11-09 14:40:40] [LOG] ViveStaticReconstruction Destruction

[Reconstruction Engine] [2018-11-09 14:41:02] [LOG] Set DataSource:0
[Reconstruction Engine] [2018-11-09 14:41:02] [LOG] Set not to use sensor device
[Reconstruction Engine] [2018-11-09 14:41:39] [LOG] ViveStaticReconstruction Destruction

[Reconstruction Engine] [2018-11-09 14:47:05] [LOG] Set DataSource:0
[Reconstruction Engine] [2018-11-09 14:47:05] [LOG] Set not to use sensor device
[Reconstruction Engine] [2018-11-09 14:47:55] [LOG] ViveStaticReconstruction Destruction

[Reconstruction Engine] [2018-11-09 14:48:07] [LOG] Set DataSource:0
[Reconstruction Engine] [2018-11-09 14:48:07] [LOG] Set not to use sensor device
[Reconstruction Engine] [2018-11-09 14:48:31] [LOG] ViveStaticReconstruction Destruction

[Reconstruction Engine] [2018-11-09 14:48:40] [LOG] Set DataSource:0
[Reconstruction Engine] [2018-11-09 14:48:40] [LOG] Set not to use sensor device
[Reconstruction Engine] [2018-11-09 14:49:07] [LOG] ViveStaticReconstruction Destruction

[Reconstruction Engine] [2018-11-09 14:49:13] [LOG] Set DataSource:0
[Reconstruction Engine] [2018-11-09 14:49:13] [LOG] Set not to use sensor device
[Reconstruction Engine] [2018-11-09 14:49:37] [LOG] ViveStaticReconstruction Destruction

[Reconstruction Engine] [2018-11-09 14:52:01] [LOG] Set DataSource:0
[Reconstruction Engine] [2018-11-09 14:52:01] [LOG] Set not to use sensor device
[Reconstruction Engine] [2018-11-09 14:52:13] [LOG] ViveStaticReconstruction Destruction

[Reconstruction Engine] [2018-11-09 14:53:16] [LOG] Set DataSource:0
[Reconstruction Engine] [2018-11-09 14:53:16] [LOG] Set not to use sensor device
[Reconstruction Engine] [2018-11-09 14:53:35] [LOG] ViveStaticReconstruction Destruction

[Reconstruction Engine] [2018-11-09 14:53:41] [LOG] Set DataSource:0
[Reconstruction Engine] [2018-11-09 14:53:41] [LOG] Set not to use sensor device
[Reconstruction Engine] [2018-11-09 14:54:07] [LOG] ViveStaticReconstruction Destruction

[Reconstruction Engine] [2018-11-26 16:31:38] [LOG] Set DataSource:0
[Reconstruction Engine] [2018-11-26 16:31:38] [LOG] Set not to use sensor device
[Reconstruction Engine] [2018-11-26 16:32:36] [LOG] ViveStaticReconstruction Destruction

[Reconstruction Engine] [2018-11-26 16:38:59] [LOG] Set DataSource:0
[Reconstruction Engine] [2018-11-26 16:38:59] [LOG] Set not to use sensor device
[Reconstruction Engine] [2018-11-26 16:39:17] [LOG] ViveStaticReconstruction Destruction

[Reconstruction Engine] [2018-11-26 16:47:58] [LOG] Set DataSource:0
[Reconstruction Engine] [2018-11-26 16:47:58] [LOG] Set not to use sensor device
[Reconstruction Engine] [2018-11-26 16:48:08] [LOG] ViveStaticReconstruction Destruction

[Reconstruction Engine] [2018-11-26 16:48:18] [LOG] Set DataSource:0
[Reconstruction Engine] [2018-11-26 16:48:18] [LOG] Set not to use sensor device
[Reconstruction Engine] [2018-11-26 16:48:36] [LOG] ViveStaticReconstruction Destruction

[Reconstruction Engine] [2018-11-26 17:09:58] [LOG] Set DataSource:0
[Reconstruction Engine] [2018-11-26 17:09:58] [LOG] Set not to use sensor device
[Reconstruction Engine] [2018-11-26 17:10:10] [LOG] ViveStaticReconstruction Destruction

[Reconstruction Engine] [2018-11-27 13:08:12] [LOG] Set DataSource:0
[Reconstruction Engine] [2018-11-27 13:08:12] [LOG] Set not to use sensor device
[Reconstruction Engine] [2018-11-27 13:08:30] [LOG] ViveStaticReconstruction Destruction

[Reconstruction Engine] [2018-11-27 13:17:54] [LOG] Set DataSource:0
[Reconstruction Engine] [2018-11-27 13:17:54] [LOG] Set not to use sensor device
[Reconstruction Engine] [2018-11-27 13:19:30] [LOG] ViveStaticReconstruction Destruction

[Reconstruction Engine] [2018-11-27 13:21:23] [LOG] Set DataSource:0
[Reconstruction Engine] [2018-11-27 13:21:23] [LOG] Set not to use sensor device
[Reconstruction Engine] [2018-11-27 13:22:40] [LOG] ViveStaticReconstruction Destruction

[Reconstruction Engine] [2018-11-27 13:37:37] [LOG] Set DataSource:0
[Reconstruction Engine] [2018-11-27 13:37:37] [LOG] Set not to use sensor device
[Reconstruction Engine] [2018-11-27 13:38:16] [LOG] ViveStaticReconstruction Destruction

[Reconstruction Engine] [2018-11-27 13:38:35] [LOG] Set DataSource:0
[Reconstruction Engine] [2018-11-27 13:38:35] [LOG] Set not to use sensor device
[Reconstruction Engine] [2018-11-27 13:39:53] [LOG] ViveStaticReconstruction Destruction

[Reconstruction Engine] [2018-12-14 15:50:39] [LOG] Set DataSource:0
[Reconstruction Engine] [2018-12-14 15:50:39] [LOG] Set not to use sensor device
[Reconstruction Engine] [2018-12-14 15:53:04] [LOG] ViveStaticReconstruction Destruction

[Reconstruction Engine] [2018-12-19 14:52:52] [LOG] Set DataSource:0
[Reconstruction Engine] [2018-12-19 14:52:52] [LOG] Set not to use sensor device
[Reconstruction Engine] [2018-12-19 14:53:03] [LOG] ViveStaticReconstruction Destruction

[Reconstruction Engine] [2018-12-19 14:53:49] [LOG] Set DataSource:0
[Reconstruction Engine] [2018-12-19 14:53:49] [LOG] Set not to use sensor device
[Reconstruction Engine] [2018-12-19 14:53:53] [LOG] ViveStaticReconstruction Destruction

[Reconstruction Engine] [2018-12-19 14:54:09] [LOG] Set DataSource:0
[Reconstruction Engine] [2018-12-19 14:54:09] [LOG] Set not to use sensor device
[Reconstruction Engine] [2018-12-19 15:06:20] [LOG] ViveStaticReconstruction Destruction

[Reconstruction Engine] [2018-12-19 15:06:42] [LOG] Set DataSource:0
[Reconstruction Engine] [2018-12-19 15:06:42] [LOG] Set not to use sensor device
[Reconstruction Engine] [2018-12-19 15:07:06] [LOG] ViveStaticReconstruction Destruction

[Reconstruction Engine] [2018-12-19 15:07:45] [LOG] Set DataSource:0
[Reconstruction Engine] [2018-12-19 15:07:45] [LOG] Set not to use sensor device
[Reconstruction Engine] [2018-12-19 15:08:40] [LOG] ViveStaticReconstruction Destruction

[Reconstruction Engine] [2019-01-07 12:04:12] [LOG] Set DataSource:0
[Reconstruction Engine] [2019-01-07 12:04:12] [LOG] Set not to use sensor device
[Reconstruction Engine] [2019-01-07 12:05:47] [LOG] ViveStaticReconstruction Destruction

[Reconstruction Engine] [2019-01-07 12:08:43] [LOG] Set DataSource:0
[Reconstruction Engine] [2019-01-07 12:08:43] [LOG] Set not to use sensor device
[Reconstruction Engine] [2019-01-07 12:10:41] [LOG] ViveStaticReconstruction Destruction

[Reconstruction Engine] [2019-01-07 13:35:09] [LOG] Set DataSource:0
[Reconstruction Engine] [2019-01-07 13:35:09] [LOG] Set not to use sensor device
[Reconstruction Engine] [2019-01-07 13:37:37] [LOG] ViveStaticReconstruction Destruction

[Reconstruction Engine] [2019-01-08 12:09:40] [LOG] Set DataSource:0
[Reconstruction Engine] [2019-01-08 12:09:40] [LOG] Set not to use sensor device
[Reconstruction Engine] [2019-01-08 12:19:53] [LOG] ViveStaticReconstruction Destruction

[Reconstruction Engine] [2019-01-08 17:20:09] [LOG] Set DataSource:0
[Reconstruction Engine] [2019-01-08 17:20:09] [LOG] Set not to use sensor device
[Reconstruction Engine] [2019-01-08 17:22:06] [LOG] ViveStaticReconstruction Destruction

[Reconstruction Engine] [2019-01-09 15:43:00] [LOG] Set DataSource:0
[Reconstruction Engine] [2019-01-09 15:43:00] [LOG] Set not to use sensor device
[Reconstruction Engine] [2019-01-09 15:43:28] [LOG] ViveStaticReconstruction Destruction

[Reconstruction Engine] [2019-01-09 15:43:51] [LOG] Set DataSource:0
[Reconstruction Engine] [2019-01-09 15:43:51] [LOG] Set not to use sensor device
[Reconstruction Engine] [2019-01-09 15:44:05] [LOG] ViveStaticReconstruction Destruction

[Reconstruction Engine] [2019-01-09 15:45:17] [LOG] Set DataSource:0
[Reconstruction Engine] [2019-01-09 15:45:17] [LOG] Set not to use sensor device
[Reconstruction Engine] [2019-01-09 15:46:02] [LOG] ViveStaticReconstruction Destruction

[Reconstruction Engine] [2019-01-09 15:48:20] [LOG] Set DataSource:0
[Reconstruction Engine] [2019-01-09 15:48:20] [LOG] Set not to use sensor device
[Reconstruction Engine] [2019-01-09 15:48:37] [LOG] ViveStaticReconstruction Destruction

[Reconstruction Engine] [2019-01-09 15:49:22] [LOG] Set DataSource:0
[Reconstruction Engine] [2019-01-09 15:49:22] [LOG] Set not to use sensor device
[Reconstruction Engine] [2019-01-09 15:49:50] [LOG] ViveStaticReconstruction Destruction

[Reconstruction Engine] [2019-01-09 15:50:04] [LOG] Set DataSource:0
[Reconstruction Engine] [2019-01-09 15:50:04] [LOG] Set not to use sensor device
[Reconstruction Engine] [2019-01-09 15:50:24] [LOG] ViveStaticReconstruction Destruction

[Reconstruction Engine] [2019-01-09 15:51:39] [LOG] Set DataSource:0
[Reconstruction Engine] [2019-01-09 15:51:39] [LOG] Set not to use sensor device
[Reconstruction Engine] [2019-01-09 15:52:01] [LOG] ViveStaticReconstruction Destruction

[Reconstruction Engine] [2019-01-09 15:52:34] [LOG] Set DataSource:0
[Reconstruction Engine] [2019-01-09 15:52:34] [LOG] Set not to use sensor device
[Reconstruction Engine] [2019-01-09 15:53:00] [LOG] ViveStaticReconstruction Destruction

[Reconstruction Engine] [2019-01-09 15:53:11] [LOG] Set DataSource:0
[Reconstruction Engine] [2019-01-09 15:53:11] [LOG] Set not to use sensor device
[Reconstruction Engine] [2019-01-09 15:53:15] [LOG] ViveStaticReconstruction Destruction

[Reconstruction Engine] [2019-01-09 15:53:57] [LOG] Set DataSource:0
[Reconstruction Engine] [2019-01-09 15:53:57] [LOG] Set not to use sensor device
[Reconstruction Engine] [2019-01-09 15:54:15] [LOG] ViveStaticReconstruction Destruction

[Reconstruction Engine] [2019-01-09 15:55:09] [LOG] Set DataSource:0
[Reconstruction Engine] [2019-01-09 15:55:09] [LOG] Set not to use sensor device
[Reconstruction Engine] [2019-01-09 15:55:31] [LOG] ViveStaticReconstruction Destruction

[Reconstruction Engine] [2019-01-09 15:55:39] [LOG] Set DataSource:0
[Reconstruction Engine] [2019-01-09 15:55:39] [LOG] Set not to use sensor device
[Reconstruction Engine] [2019-01-09 15:56:40] [LOG] ViveStaticReconstruction Destruction

[Reconstruction Engine] [2019-01-09 16:02:59] [LOG] Set DataSource:0
[Reconstruction Engine] [2019-01-09 16:02:59] [LOG] Set not to use sensor device
[Reconstruction Engine] [2019-01-09 16:03:27] [LOG] ViveStaticReconstruction Destruction

[Reconstruction Engine] [2019-01-09 16:04:11] [LOG] Set DataSource:0
[Reconstruction Engine] [2019-01-09 16:04:11] [LOG] Set not to use sensor device
[Reconstruction Engine] [2019-01-09 16:04:29] [LOG] ViveStaticReconstruction Destruction

[Reconstruction Engine] [2019-01-09 16:17:05] [LOG] Set DataSource:0
[Reconstruction Engine] [2019-01-09 16:17:05] [LOG] Set not to use sensor device
[Reconstruction Engine] [2019-01-09 16:17:25] [LOG] ViveStaticReconstruction Destruction

[Reconstruction Engine] [2019-01-09 16:18:03] [LOG] Set DataSource:0
[Reconstruction Engine] [2019-01-09 16:18:03] [LOG] Set not to use sensor device
[Reconstruction Engine] [2019-01-09 16:18:09] [LOG] ViveStaticReconstruction Destruction

[Reconstruction Engine] [2019-01-09 16:19:13] [LOG] Set DataSource:0
[Reconstruction Engine] [2019-01-09 16:19:13] [LOG] Set not to use sensor device
[Reconstruction Engine] [2019-01-09 16:19:24] [LOG] ViveStaticReconstruction Destruction

[Reconstruction Engine] [2019-01-09 16:20:31] [LOG] Set DataSource:0
[Reconstruction Engine] [2019-01-09 16:20:31] [LOG] Set not to use sensor device
[Reconstruction Engine] [2019-01-09 16:20:40] [LOG] ViveStaticReconstruction Destruction

[Reconstruction Engine] [2019-01-10 11:47:11] [LOG] Set DataSource:0
[Reconstruction Engine] [2019-01-10 11:47:11] [LOG] Set not to use sensor device
[Reconstruction Engine] [2019-01-10 11:47:36] [LOG] ViveStaticReconstruction Destruction

[Reconstruction Engine] [2019-01-10 11:52:15] [LOG] Set DataSource:0
[Reconstruction Engine] [2019-01-10 11:52:15] [LOG] Set not to use sensor device
[Reconstruction Engine] [2019-01-10 11:53:32] [LOG] ViveStaticReconstruction Destruction

[Reconstruction Engine] [2019-01-10 12:24:41] [LOG] Set DataSource:0
[Reconstruction Engine] [2019-01-10 12:24:41] [LOG] Set not to use sensor device
[Reconstruction Engine] [2019-01-10 12:27:27] [LOG] ViveStaticReconstruction Destruction

[Reconstruction Engine] [2019-01-10 12:27:34] [LOG] Set DataSource:0
[Reconstruction Engine] [2019-01-10 12:27:34] [LOG] Set not to use sensor device
[Reconstruction Engine] [2019-01-10 12:28:06] [LOG] ViveStaticReconstruction Destruction

[Reconstruction Engine] [2019-01-10 16:19:08] [LOG] Set DataSource:0
[Reconstruction Engine] [2019-01-10 16:19:08] [LOG] Set not to use sensor device
[Reconstruction Engine] [2019-01-10 16:19:33] [LOG] ViveStaticReconstruction Destruction

[Reconstruction Engine] [2019-01-10 16:20:10] [LOG] Set DataSource:0
[Reconstruction Engine] [2019-01-10 16:20:10] [LOG] Set not to use sensor device
[Reconstruction Engine] [2019-01-10 16:20:19] [LOG] ViveStaticReconstruction Destruction

[Reconstruction Engine] [2019-01-10 16:23:13] [LOG] Set DataSource:0
[Reconstruction Engine] [2019-01-10 16:23:13] [LOG] Set not to use sensor device
[Reconstruction Engine] [2019-01-10 16:32:52] [LOG] ViveStaticReconstruction Destruction

[Reconstruction Engine] [2019-01-11 09:51:31] [LOG] Set DataSource:0
[Reconstruction Engine] [2019-01-11 09:51:31] [LOG] Set not to use sensor device
[Reconstruction Engine] [2019-01-11 10:03:38] [LOG] ViveStaticReconstruction Destruction

[Reconstruction Engine] [2019-01-11 15:37:03] [LOG] Set DataSource:0
[Reconstruction Engine] [2019-01-11 15:37:03] [LOG] Set not to use sensor device
[Reconstruction Engine] [2019-01-11 15:37:28] [LOG] ViveStaticReconstruction Destruction

[Reconstruction Engine] [2019-01-11 15:49:35] [LOG] Set DataSource:0
[Reconstruction Engine] [2019-01-11 15:49:35] [LOG] Set not to use sensor device
[Reconstruction Engine] [2019-01-11 15:49:44] [LOG] ViveStaticReconstruction Destruction

[Reconstruction Engine] [2019-01-11 15:54:20] [LOG] Set DataSource:0
[Reconstruction Engine] [2019-01-11 15:54:20] [LOG] Set not to use sensor device
[Reconstruction Engine] [2019-01-11 16:06:22] [LOG] ViveStaticReconstruction Destruction

[Reconstruction Engine] [2019-01-11 16:32:12] [LOG] Set DataSource:0
[Reconstruction Engine] [2019-01-11 16:32:12] [LOG] Set not to use sensor device
[Reconstruction Engine] [2019-01-11 16:32:16] [LOG] ViveStaticReconstruction Destruction

[Reconstruction Engine] [2019-01-11 16:52:40] [LOG] Set DataSource:0
[Reconstruction Engine] [2019-01-11 16:52:40] [LOG] Set not to use sensor device
[Reconstruction Engine] [2019-01-11 16:52:50] [LOG] ViveStaticReconstruction Destruction

[Reconstruction Engine] [2019-01-12 17:28:13] [LOG] Set DataSource:0
[Reconstruction Engine] [2019-01-12 17:28:13] [LOG] Set not to use sensor device
[Reconstruction Engine] [2019-01-12 17:39:44] [LOG] ViveStaticReconstruction Destruction

[Reconstruction Engine] [2019-01-14 10:49:29] [LOG] Set DataSource:0
[Reconstruction Engine] [2019-01-14 10:49:29] [LOG] Set not to use sensor device
[Reconstruction Engine] [2019-01-14 10:49:35] [LOG] ViveStaticReconstruction Destruction

[Reconstruction Engine] [2019-01-14 11:08:58] [LOG] Set DataSource:0
[Reconstruction Engine] [2019-01-14 11:08:58] [LOG] Set not to use sensor device
[Reconstruction Engine] [2019-01-14 11:18:53] [LOG] ViveStaticReconstruction Destruction

[Reconstruction Engine] [2019-01-14 15:11:12] [LOG] Set DataSource:0
[Reconstruction Engine] [2019-01-14 15:11:12] [LOG] Set not to use sensor device
[Reconstruction Engine] [2019-01-14 15:11:23] [LOG] ViveStaticReconstruction Destruction

[Reconstruction Engine] [2019-01-14 15:11:37] [LOG] Set DataSource:0
[Reconstruction Engine] [2019-01-14 15:11:37] [LOG] Set not to use sensor device
[Reconstruction Engine] [2019-01-14 15:11:46] [LOG] ViveStaticReconstruction Destruction

[Reconstruction Engine] [2019-01-14 15:33:35] [LOG] Set DataSource:0
[Reconstruction Engine] [2019-01-14 15:33:35] [LOG] Set not to use sensor device
[Reconstruction Engine] [2019-01-14 15:44:33] [LOG] ViveStaticReconstruction Destruction

